<?xml version="1.0" encoding="UTF-8"?>
<!-- Generated by org.testng.reporters.JUnitReportReporter -->
<testsuite hostname="DESKTOP-R5T0I10" failures="0" tests="2" name="testScripts.loginOHRMtest" time="10.954" errors="0" timestamp="26 May 2024 08:51:22 GMT" skipped="0">
  <testcase classname="testScripts.loginOHRMtest" name="mytest" time="8.357"/>
  <testcase classname="testScripts.loginOHRMtest" name="test2" time="2.597"/>
</testsuite> <!-- testScripts.loginOHRMtest -->
