<?xml version="1.0" encoding="UTF-8"?>
<!-- Generated by org.testng.reporters.JUnitReportReporter -->
<testsuite hostname="DESKTOP-R5T0I10" failures="0" tests="4" name="testScripts.LoginOHRMUsingExcel" time="91.002" errors="0" timestamp="02 Jun 2024 10:14:57 GMT" skipped="0">
  <testcase classname="testScripts.LoginOHRMUsingExcel" name="testMethod" time="24.779"/>
  <testcase classname="testScripts.LoginOHRMUsingExcel" name="testMethod" time="15.259"/>
  <testcase classname="testScripts.LoginOHRMUsingExcel" name="testMethod" time="32.780"/>
  <testcase classname="testScripts.LoginOHRMUsingExcel" name="testMethod" time="18.184"/>
</testsuite> <!-- testScripts.LoginOHRMUsingExcel -->
