<?xml version="1.0" encoding="UTF-8"?>
<!-- Generated by org.testng.reporters.JUnitReportReporter -->
<testsuite hostname="DESKTOP-R5T0I10" failures="0" tests="2" name="testScripts.LoginOHRMMyInfotest" time="21.730" errors="0" timestamp="01 Jun 2024 08:37:47 GMT" skipped="0">
  <testcase classname="testScripts.LoginOHRMMyInfotest" name="mytest" time="6.986"/>
  <testcase classname="testScripts.LoginOHRMMyInfotest" name="test2" time="14.744"/>
</testsuite> <!-- testScripts.LoginOHRMMyInfotest -->
