<?xml version="1.0" encoding="UTF-8"?>
<!-- Generated by org.testng.reporters.JUnitReportReporter -->
<testsuite hostname="DESKTOP-R5T0I10" failures="0" tests="2" name="testScripts.LoginOHRMAdminAddtest" time="28.228" errors="0" timestamp="01 Jun 2024 07:42:20 GMT" skipped="0">
  <testcase classname="testScripts.LoginOHRMAdminAddtest" name="mytest" time="8.211"/>
  <testcase classname="testScripts.LoginOHRMAdminAddtest" name="test2" time="20.017"/>
</testsuite> <!-- testScripts.LoginOHRMAdminAddtest -->
