<?xml version="1.0" encoding="UTF-8"?>
<!-- Generated by org.testng.reporters.JUnitReportReporter -->
<testsuite hostname="DESKTOP-R5T0I10" failures="0" tests="1" name="testScripts.loginOHRMtestConfig" time="6.942" errors="0" timestamp="19 May 2024 08:30:01 GMT" skipped="0">
  <testcase classname="testScripts.loginOHRMtestConfig" name="mytest" time="6.942"/>
</testsuite> <!-- testScripts.loginOHRMtestConfig -->
